Added Component: Designator=C1(CAP CERAMIC)
Add component. Clean all parameters for all variants
Added Component: Designator=C2(CAP 7*10)
Add component. Clean all parameters for all variants
Added Component: Designator=C3(CAP 7*10)
Add component. Clean all parameters for all variants
Added Component: Designator=C4(CAP0603)
Add component. Clean all parameters for all variants
Added Component: Designator=C5(CAP 10*17)
Add component. Clean all parameters for all variants
Added Component: Designator=C6(CAPC0603)
Add component. Clean all parameters for all variants
Add component (AddParameter): Name = "LatestRevisionDate"; Value = "17-Jul-2002"; VariantName = "[No Variations]"
Add component (AddParameter): Name = "LatestRevisionNote"; Value = "Re-released for DXP Platform."; VariantName = "[No Variations]"
Add component (AddParameter): Name = "PackageReference"; Value = "C0805"; VariantName = "[No Variations]"
Add component (AddParameter): Name = "Published"; Value = "8-Jun-2000"; VariantName = "[No Variations]"
Add component (AddParameter): Name = "Publisher"; Value = "Altium Limited"; VariantName = "[No Variations]"
Add component (AddParameter): Name = "Value"; Value = "100nF"; VariantName = "[No Variations]"
Added Component: Designator=C7(CAP0603)
Add component. Clean all parameters for all variants
Added Component: Designator=C8(CAP0603)
Add component. Clean all parameters for all variants
Added Component: Designator=C9(CAP0603)
Add component. Clean all parameters for all variants
Added Component: Designator=C10(CAPC0603)
Add component. Clean all parameters for all variants
Add component (AddParameter): Name = "LatestRevisionDate"; Value = "17-Jul-2002"; VariantName = "[No Variations]"
Add component (AddParameter): Name = "LatestRevisionNote"; Value = "Re-released for DXP Platform."; VariantName = "[No Variations]"
Add component (AddParameter): Name = "PackageReference"; Value = "C0805"; VariantName = "[No Variations]"
Add component (AddParameter): Name = "Published"; Value = "8-Jun-2000"; VariantName = "[No Variations]"
Add component (AddParameter): Name = "Publisher"; Value = "Altium Limited"; VariantName = "[No Variations]"
Add component (AddParameter): Name = "Value"; Value = "1uF"; VariantName = "[No Variations]"
Added Component: Designator=C11(CAP0603)
Add component. Clean all parameters for all variants
Added Component: Designator=C12(CAP0603)
Add component. Clean all parameters for all variants
Added Component: Designator=C13(CAPC0603)
Add component. Clean all parameters for all variants
Add component (AddParameter): Name = "LatestRevisionDate"; Value = "17-Jul-2002"; VariantName = "[No Variations]"
Add component (AddParameter): Name = "LatestRevisionNote"; Value = "Re-released for DXP Platform."; VariantName = "[No Variations]"
Add component (AddParameter): Name = "PackageReference"; Value = "C0805"; VariantName = "[No Variations]"
Add component (AddParameter): Name = "Published"; Value = "8-Jun-2000"; VariantName = "[No Variations]"
Add component (AddParameter): Name = "Publisher"; Value = "Altium Limited"; VariantName = "[No Variations]"
Add component (AddParameter): Name = "Value"; Value = "100nF"; VariantName = "[No Variations]"
Added Component: Designator=C14(CAP0603)
Add component. Clean all parameters for all variants
Added Component: Designator=C15(CAP0603)
Add component. Clean all parameters for all variants
Added Component: Designator=C16(CAP 7*10)
Add component. Clean all parameters for all variants
Added Component: Designator=C17(CAP0603)
Add component. Clean all parameters for all variants
Added Component: Designator=C18(CAP0603)
Add component. Clean all parameters for all variants
Added Component: Designator=C19(CAPC0603)
Add component. Clean all parameters for all variants
Add component (AddParameter): Name = "LatestRevisionDate"; Value = "17-Jul-2002"; VariantName = "[No Variations]"
Add component (AddParameter): Name = "LatestRevisionNote"; Value = "Re-released for DXP Platform."; VariantName = "[No Variations]"
Add component (AddParameter): Name = "PackageReference"; Value = "C0805"; VariantName = "[No Variations]"
Add component (AddParameter): Name = "Published"; Value = "8-Jun-2000"; VariantName = "[No Variations]"
Add component (AddParameter): Name = "Publisher"; Value = "Altium Limited"; VariantName = "[No Variations]"
Add component (AddParameter): Name = "Value"; Value = "100nF"; VariantName = "[No Variations]"
Added Component: Designator=C20(CAP0603)
Add component. Clean all parameters for all variants
Added Component: Designator=C21(CAPC0603)
Add component. Clean all parameters for all variants
Add component (AddParameter): Name = "LatestRevisionDate"; Value = "17-Jul-2002"; VariantName = "[No Variations]"
Add component (AddParameter): Name = "LatestRevisionNote"; Value = "Re-released for DXP Platform."; VariantName = "[No Variations]"
Add component (AddParameter): Name = "PackageReference"; Value = "C0805"; VariantName = "[No Variations]"
Add component (AddParameter): Name = "Published"; Value = "8-Jun-2000"; VariantName = "[No Variations]"
Add component (AddParameter): Name = "Publisher"; Value = "Altium Limited"; VariantName = "[No Variations]"
Add component (AddParameter): Name = "Value"; Value = "22uF"; VariantName = "[No Variations]"
Added Component: Designator=C22(CAPC0603)
Add component. Clean all parameters for all variants
Add component (AddParameter): Name = "LatestRevisionDate"; Value = "17-Jul-2002"; VariantName = "[No Variations]"
Add component (AddParameter): Name = "LatestRevisionNote"; Value = "Re-released for DXP Platform."; VariantName = "[No Variations]"
Add component (AddParameter): Name = "PackageReference"; Value = "C0805"; VariantName = "[No Variations]"
Add component (AddParameter): Name = "Published"; Value = "8-Jun-2000"; VariantName = "[No Variations]"
Add component (AddParameter): Name = "Publisher"; Value = "Altium Limited"; VariantName = "[No Variations]"
Add component (AddParameter): Name = "Value"; Value = "22uF"; VariantName = "[No Variations]"
Added Component: Designator=C23(CAPC0603)
Add component. Clean all parameters for all variants
Add component (AddParameter): Name = "LatestRevisionDate"; Value = "17-Jul-2002"; VariantName = "[No Variations]"
Add component (AddParameter): Name = "LatestRevisionNote"; Value = "Re-released for DXP Platform."; VariantName = "[No Variations]"
Add component (AddParameter): Name = "PackageReference"; Value = "C0805"; VariantName = "[No Variations]"
Add component (AddParameter): Name = "Published"; Value = "8-Jun-2000"; VariantName = "[No Variations]"
Add component (AddParameter): Name = "Publisher"; Value = "Altium Limited"; VariantName = "[No Variations]"
Add component (AddParameter): Name = "Value"; Value = "100nF"; VariantName = "[No Variations]"
Added Component: Designator=C24(CAP0603)
Add component. Clean all parameters for all variants
Added Component: Designator=C25(CAP0603)
Add component. Clean all parameters for all variants
Added Component: Designator=C26(CAP0603)
Add component. Clean all parameters for all variants
Added Component: Designator=C27(CAP 16*25)
Add component. Clean all parameters for all variants
Added Component: Designator=C28(CAP 16*25)
Add component. Clean all parameters for all variants
Added Component: Designator=C29(CAP 7*10)
Add component. Clean all parameters for all variants
Added Component: Designator=C30(CAP0603)
Add component. Clean all parameters for all variants
Added Component: Designator=C31(CAP0603)
Add component. Clean all parameters for all variants
Added Component: Designator=C32(CAP0603)
Add component. Clean all parameters for all variants
Added Component: Designator=C33(CAP0603)
Add component. Clean all parameters for all variants
Added Component: Designator=C34(CAP 16*25)
Add component. Clean all parameters for all variants
Added Component: Designator=C35(CAP 16*25)
Add component. Clean all parameters for all variants
Added Component: Designator=C36(CAP0603)
Add component. Clean all parameters for all variants
Added Component: Designator=C37(CAP 16*25)
Add component. Clean all parameters for all variants
Added Component: Designator=C38(CAP 16*25)
Add component. Clean all parameters for all variants
Added Component: Designator=C39(CAP0603)
Add component. Clean all parameters for all variants
Added Component: Designator=C40(CAP0603)
Add component. Clean all parameters for all variants
Added Component: Designator=C41(CAP0603)
Add component. Clean all parameters for all variants
Added Component: Designator=C42(CAP 16*25)
Add component. Clean all parameters for all variants
Added Component: Designator=C43(CAP 16*25)
Add component. Clean all parameters for all variants
Added Component: Designator=C44(CAP0603)
Add component. Clean all parameters for all variants
Added Component: Designator=C45(CAP0603)
Add component. Clean all parameters for all variants
Added Component: Designator=C46(CAP0603)
Add component. Clean all parameters for all variants
Added Component: Designator=C47(CAP0603)
Add component. Clean all parameters for all variants
Added Component: Designator=C48(CAP0603)
Add component. Clean all parameters for all variants
Added Component: Designator=C49(CAP0603)
Add component. Clean all parameters for all variants
Added Component: Designator=C50(CAP0603)
Add component. Clean all parameters for all variants
Added Component: Designator=C51(CAP0603)
Add component. Clean all parameters for all variants
Added Component: Designator=C52(CAP0603)
Add component. Clean all parameters for all variants
Added Component: Designator=C53(CAP0603)
Add component. Clean all parameters for all variants
Added Component: Designator=C54(CAP0603)
Add component. Clean all parameters for all variants
Added Component: Designator=C55(CAP0603)
Add component. Clean all parameters for all variants
Added Component: Designator=C56(CAP0603)
Add component. Clean all parameters for all variants
Added Component: Designator=C57(CAP0603)
Add component. Clean all parameters for all variants
Added Component: Designator=C58(CAP0603)
Add component. Clean all parameters for all variants
Added Component: Designator=C59(CAP0603)
Add component. Clean all parameters for all variants
Added Component: Designator=C60(CAP0603)
Add component. Clean all parameters for all variants
Added Component: Designator=C61(CAP0603)
Add component. Clean all parameters for all variants
Added Component: Designator=C62(CAPC0603)
Add component. Clean all parameters for all variants
Add component (AddParameter): Name = "LatestRevisionDate"; Value = "17-Jul-2002"; VariantName = "[No Variations]"
Add component (AddParameter): Name = "LatestRevisionNote"; Value = "Re-released for DXP Platform."; VariantName = "[No Variations]"
Add component (AddParameter): Name = "PackageReference"; Value = "C0805"; VariantName = "[No Variations]"
Add component (AddParameter): Name = "Published"; Value = "8-Jun-2000"; VariantName = "[No Variations]"
Add component (AddParameter): Name = "Publisher"; Value = "Altium Limited"; VariantName = "[No Variations]"
Add component (AddParameter): Name = "Value"; Value = "100nF"; VariantName = "[No Variations]"
Added Component: Designator=C63(CAP0603)
Add component. Clean all parameters for all variants
Added Component: Designator=C64(CAP0603)
Add component. Clean all parameters for all variants
Added Component: Designator=C65(CAPC0603)
Add component. Clean all parameters for all variants
Add component (AddParameter): Name = "LatestRevisionDate"; Value = "17-Jul-2002"; VariantName = "[No Variations]"
Add component (AddParameter): Name = "LatestRevisionNote"; Value = "Re-released for DXP Platform."; VariantName = "[No Variations]"
Add component (AddParameter): Name = "PackageReference"; Value = "C0805"; VariantName = "[No Variations]"
Add component (AddParameter): Name = "Published"; Value = "8-Jun-2000"; VariantName = "[No Variations]"
Add component (AddParameter): Name = "Publisher"; Value = "Altium Limited"; VariantName = "[No Variations]"
Add component (AddParameter): Name = "Value"; Value = "10nF"; VariantName = "[No Variations]"
Added Component: Designator=CN1(KF65-3Pin)
Add component. Clean all parameters for all variants
Added Component: Designator=CN2(KF65-3Pin)
Add component. Clean all parameters for all variants
Added Component: Designator=D1(SS36)
Add component. Clean all parameters for all variants
Added Component: Designator=D2(SS36)
Add component. Clean all parameters for all variants
Added Component: Designator=D3(ZENER)
Add component. Clean all parameters for all variants
Added Component: Designator=D4(SS36)
Add component. Clean all parameters for all variants
Add component (AddParameter): Name = "Code_JEDEC"; Value = "DO-214-AA"; VariantName = "[No Variations]"
Add component (AddParameter): Name = "LatestRevisionDate"; Value = "17-Jul-2002"; VariantName = "[No Variations]"
Add component (AddParameter): Name = "LatestRevisionNote"; Value = "Re-released for DXP Platform."; VariantName = "[No Variations]"
Add component (AddParameter): Name = "PackageReference"; Value = "SMB"; VariantName = "[No Variations]"
Add component (AddParameter): Name = "Published"; Value = "8-Jun-2000"; VariantName = "[No Variations]"
Add component (AddParameter): Name = "Publisher"; Value = "Altium Limited"; VariantName = "[No Variations]"
Added Component: Designator=D5(FastDiode)
Add component. Clean all parameters for all variants
Add component (AddParameter): Name = "DatasheetDocument"; Value = "16-Apr-2002"; VariantName = "[No Variations]"
Add component (AddParameter): Name = "LatestRevisionDate"; Value = "17-Dec-2003"; VariantName = "[No Variations]"
Add component (AddParameter): Name = "LatestRevisionNote"; Value = "PCB Footprint replaced."; VariantName = "[No Variations]"
Add component (AddParameter): Name = "PackageDocument"; Value = "16-Apr-2002"; VariantName = "[No Variations]"
Add component (AddParameter): Name = "PackageReference"; Value = "3.5X2.8X1.9"; VariantName = "[No Variations]"
Add component (AddParameter): Name = "Published"; Value = "8-Jun-2000"; VariantName = "[No Variations]"
Add component (AddParameter): Name = "Publisher"; Value = "Altium Limited"; VariantName = "[No Variations]"
Added Component: Designator=D6(MB10F)
Add component. Clean all parameters for all variants
Added Component: Designator=D7(ZENER)
Add component. Clean all parameters for all variants
Added Component: Designator=D8(LED)
Add component. Clean all parameters for all variants
Add component (AddParameter): Name = "DatasheetDocument"; Value = "16-Apr-2002"; VariantName = "[No Variations]"
Add component (AddParameter): Name = "LatestRevisionDate"; Value = "17-Dec-2003"; VariantName = "[No Variations]"
Add component (AddParameter): Name = "LatestRevisionNote"; Value = "PCB Footprint replaced."; VariantName = "[No Variations]"
Add component (AddParameter): Name = "PackageDocument"; Value = "16-Apr-2002"; VariantName = "[No Variations]"
Add component (AddParameter): Name = "PackageReference"; Value = "3.5X2.8X1.9"; VariantName = "[No Variations]"
Add component (AddParameter): Name = "Published"; Value = "8-Jun-2000"; VariantName = "[No Variations]"
Add component (AddParameter): Name = "Publisher"; Value = "Altium Limited"; VariantName = "[No Variations]"
Added Component: Designator=D9(LED)
Add component. Clean all parameters for all variants
Add component (AddParameter): Name = "DatasheetDocument"; Value = "16-Apr-2002"; VariantName = "[No Variations]"
Add component (AddParameter): Name = "LatestRevisionDate"; Value = "17-Dec-2003"; VariantName = "[No Variations]"
Add component (AddParameter): Name = "LatestRevisionNote"; Value = "PCB Footprint replaced."; VariantName = "[No Variations]"
Add component (AddParameter): Name = "PackageDocument"; Value = "16-Apr-2002"; VariantName = "[No Variations]"
Add component (AddParameter): Name = "PackageReference"; Value = "3.5X2.8X1.9"; VariantName = "[No Variations]"
Add component (AddParameter): Name = "Published"; Value = "8-Jun-2000"; VariantName = "[No Variations]"
Add component (AddParameter): Name = "Publisher"; Value = "Altium Limited"; VariantName = "[No Variations]"
Added Component: Designator=D10(ZENER)
Add component. Clean all parameters for all variants
Added Component: Designator=D11(ZENER)
Add component. Clean all parameters for all variants
Added Component: Designator=H1(HEADER1*3)
Add component. Clean all parameters for all variants
Add component (AddParameter): Name = "LatestRevisionDate"; Value = "17-Jul-2002"; VariantName = "[No Variations]"
Add component (AddParameter): Name = "LatestRevisionNote"; Value = "Re-released for DXP Platform."; VariantName = "[No Variations]"
Add component (AddParameter): Name = "Publisher"; Value = "Altium Limited"; VariantName = "[No Variations]"
Added Component: Designator=H2(HEADER1*3)
Add component. Clean all parameters for all variants
Add component (AddParameter): Name = "LatestRevisionDate"; Value = "17-Jul-2002"; VariantName = "[No Variations]"
Add component (AddParameter): Name = "LatestRevisionNote"; Value = "Re-released for DXP Platform."; VariantName = "[No Variations]"
Add component (AddParameter): Name = "Publisher"; Value = "Altium Limited"; VariantName = "[No Variations]"
Added Component: Designator=H3(HEADER1*3)
Add component. Clean all parameters for all variants
Add component (AddParameter): Name = "LatestRevisionDate"; Value = "17-Jul-2002"; VariantName = "[No Variations]"
Add component (AddParameter): Name = "LatestRevisionNote"; Value = "Re-released for DXP Platform."; VariantName = "[No Variations]"
Add component (AddParameter): Name = "Publisher"; Value = "Altium Limited"; VariantName = "[No Variations]"
Added Component: Designator=L1(EE16)
Add component. Clean all parameters for all variants
Added Component: Designator=L2(L100uH-SMD-1A)
Add component. Clean all parameters for all variants
Add component (AddParameter): Name = "Value"; Value = "220uH"; VariantName = "[No Variations]"
Added Component: Designator=L3(L100uH-SMD-1A)
Add component. Clean all parameters for all variants
Add component (AddParameter): Name = "Value"; Value = "220uH"; VariantName = "[No Variations]"
Added Component: Designator=Q1(BC817)
Add component. Clean all parameters for all variants
Added Component: Designator=Q2(IGBT TO-247)
Add component. Clean all parameters for all variants
Added Component: Designator=Q3(IGBT TO-247)
Add component. Clean all parameters for all variants
Added Component: Designator=Q4(IGBT TO-247)
Add component. Clean all parameters for all variants
Added Component: Designator=Q5(IGBT TO-247)
Add component. Clean all parameters for all variants
Added Component: Designator=Q6(IGBT TO-247)
Add component. Clean all parameters for all variants
Added Component: Designator=Q7(IGBT TO-247)
Add component. Clean all parameters for all variants
Added Component: Designator=R1(RES0603)
Add component. Clean all parameters for all variants
Added Component: Designator=R2(RES0603)
Add component. Clean all parameters for all variants
Added Component: Designator=R3(RES0603)
Add component. Clean all parameters for all variants
Added Component: Designator=R4(RES0603)
Add component. Clean all parameters for all variants
Added Component: Designator=R5(RESC0603)
Add component. Clean all parameters for all variants
Add component (AddParameter): Name = "LatestRevisionDate"; Value = "17-Jul-2002"; VariantName = "[No Variations]"
Add component (AddParameter): Name = "LatestRevisionNote"; Value = "Re-released for DXP Platform."; VariantName = "[No Variations]"
Add component (AddParameter): Name = "PackageReference"; Value = "AXIAL-0.5"; VariantName = "[No Variations]"
Add component (AddParameter): Name = "Published"; Value = "8-Jun-2000"; VariantName = "[No Variations]"
Add component (AddParameter): Name = "Publisher"; Value = "Altium Limited"; VariantName = "[No Variations]"
Add component (AddParameter): Name = "Value"; Value = "1K"; VariantName = "[No Variations]"
Added Component: Designator=R6(RES0603)
Add component. Clean all parameters for all variants
Added Component: Designator=R7(RESC0603)
Add component. Clean all parameters for all variants
Add component (AddParameter): Name = "LatestRevisionDate"; Value = "17-Jul-2002"; VariantName = "[No Variations]"
Add component (AddParameter): Name = "LatestRevisionNote"; Value = "Re-released for DXP Platform."; VariantName = "[No Variations]"
Add component (AddParameter): Name = "PackageReference"; Value = "AXIAL-0.5"; VariantName = "[No Variations]"
Add component (AddParameter): Name = "Published"; Value = "8-Jun-2000"; VariantName = "[No Variations]"
Add component (AddParameter): Name = "Publisher"; Value = "Altium Limited"; VariantName = "[No Variations]"
Add component (AddParameter): Name = "Value"; Value = "866K"; VariantName = "[No Variations]"
Added Component: Designator=R8(RES0603)
Add component. Clean all parameters for all variants
Added Component: Designator=R9(RES0603)
Add component. Clean all parameters for all variants
Added Component: Designator=R10(RES0603)
Add component. Clean all parameters for all variants
Added Component: Designator=R11(RESC0603)
Add component. Clean all parameters for all variants
Add component (AddParameter): Name = "LatestRevisionDate"; Value = "17-Jul-2002"; VariantName = "[No Variations]"
Add component (AddParameter): Name = "LatestRevisionNote"; Value = "Re-released for DXP Platform."; VariantName = "[No Variations]"
Add component (AddParameter): Name = "PackageReference"; Value = "AXIAL-0.5"; VariantName = "[No Variations]"
Add component (AddParameter): Name = "Published"; Value = "8-Jun-2000"; VariantName = "[No Variations]"
Add component (AddParameter): Name = "Publisher"; Value = "Altium Limited"; VariantName = "[No Variations]"
Add component (AddParameter): Name = "Value"; Value = "2.5M"; VariantName = "[No Variations]"
Added Component: Designator=R12(RES0603)
Add component. Clean all parameters for all variants
Added Component: Designator=R13(RES0603)
Add component. Clean all parameters for all variants
Added Component: Designator=R14(RES0603)
Add component. Clean all parameters for all variants
Added Component: Designator=R15(RESC0603)
Add component. Clean all parameters for all variants
Add component (AddParameter): Name = "LatestRevisionDate"; Value = "17-Jul-2002"; VariantName = "[No Variations]"
Add component (AddParameter): Name = "LatestRevisionNote"; Value = "Re-released for DXP Platform."; VariantName = "[No Variations]"
Add component (AddParameter): Name = "PackageReference"; Value = "AXIAL-0.5"; VariantName = "[No Variations]"
Add component (AddParameter): Name = "Published"; Value = "8-Jun-2000"; VariantName = "[No Variations]"
Add component (AddParameter): Name = "Publisher"; Value = "Altium Limited"; VariantName = "[No Variations]"
Add component (AddParameter): Name = "Value"; Value = "1K"; VariantName = "[No Variations]"
Added Component: Designator=R16(RESC0603)
Add component. Clean all parameters for all variants
Add component (AddParameter): Name = "LatestRevisionDate"; Value = "17-Jul-2002"; VariantName = "[No Variations]"
Add component (AddParameter): Name = "LatestRevisionNote"; Value = "Re-released for DXP Platform."; VariantName = "[No Variations]"
Add component (AddParameter): Name = "PackageReference"; Value = "AXIAL-0.5"; VariantName = "[No Variations]"
Add component (AddParameter): Name = "Published"; Value = "8-Jun-2000"; VariantName = "[No Variations]"
Add component (AddParameter): Name = "Publisher"; Value = "Altium Limited"; VariantName = "[No Variations]"
Add component (AddParameter): Name = "Value"; Value = "1K"; VariantName = "[No Variations]"
Added Component: Designator=R17(RES0603)
Add component. Clean all parameters for all variants
Added Component: Designator=R18(RESC0603)
Add component. Clean all parameters for all variants
Add component (AddParameter): Name = "LatestRevisionDate"; Value = "17-Jul-2002"; VariantName = "[No Variations]"
Add component (AddParameter): Name = "LatestRevisionNote"; Value = "Re-released for DXP Platform."; VariantName = "[No Variations]"
Add component (AddParameter): Name = "PackageReference"; Value = "AXIAL-0.5"; VariantName = "[No Variations]"
Add component (AddParameter): Name = "Published"; Value = "8-Jun-2000"; VariantName = "[No Variations]"
Add component (AddParameter): Name = "Publisher"; Value = "Altium Limited"; VariantName = "[No Variations]"
Add component (AddParameter): Name = "Value"; Value = "1K"; VariantName = "[No Variations]"
Added Component: Designator=R19(RESC0603)
Add component. Clean all parameters for all variants
Add component (AddParameter): Name = "LatestRevisionDate"; Value = "17-Jul-2002"; VariantName = "[No Variations]"
Add component (AddParameter): Name = "LatestRevisionNote"; Value = "Re-released for DXP Platform."; VariantName = "[No Variations]"
Add component (AddParameter): Name = "PackageReference"; Value = "AXIAL-0.5"; VariantName = "[No Variations]"
Add component (AddParameter): Name = "Published"; Value = "8-Jun-2000"; VariantName = "[No Variations]"
Add component (AddParameter): Name = "Publisher"; Value = "Altium Limited"; VariantName = "[No Variations]"
Add component (AddParameter): Name = "Value"; Value = "1K"; VariantName = "[No Variations]"
Added Component: Designator=R20(RES0603)
Add component. Clean all parameters for all variants
Added Component: Designator=R21(RESC0603)
Add component. Clean all parameters for all variants
Add component (AddParameter): Name = "LatestRevisionDate"; Value = "17-Jul-2002"; VariantName = "[No Variations]"
Add component (AddParameter): Name = "LatestRevisionNote"; Value = "Re-released for DXP Platform."; VariantName = "[No Variations]"
Add component (AddParameter): Name = "PackageReference"; Value = "AXIAL-0.5"; VariantName = "[No Variations]"
Add component (AddParameter): Name = "Published"; Value = "8-Jun-2000"; VariantName = "[No Variations]"
Add component (AddParameter): Name = "Publisher"; Value = "Altium Limited"; VariantName = "[No Variations]"
Add component (AddParameter): Name = "Value"; Value = "1K"; VariantName = "[No Variations]"
Added Component: Designator=R22(RESC0603)
Add component. Clean all parameters for all variants
Add component (AddParameter): Name = "LatestRevisionDate"; Value = "17-Jul-2002"; VariantName = "[No Variations]"
Add component (AddParameter): Name = "LatestRevisionNote"; Value = "Re-released for DXP Platform."; VariantName = "[No Variations]"
Add component (AddParameter): Name = "PackageReference"; Value = "AXIAL-0.5"; VariantName = "[No Variations]"
Add component (AddParameter): Name = "Published"; Value = "8-Jun-2000"; VariantName = "[No Variations]"
Add component (AddParameter): Name = "Publisher"; Value = "Altium Limited"; VariantName = "[No Variations]"
Add component (AddParameter): Name = "Value"; Value = "1K"; VariantName = "[No Variations]"
Added Component: Designator=R23(RES0603)
Add component. Clean all parameters for all variants
Added Component: Designator=R24(RES0603)
Add component. Clean all parameters for all variants
Added Component: Designator=R25(RES0603)
Add component. Clean all parameters for all variants
Added Component: Designator=R26(RES0603)
Add component. Clean all parameters for all variants
Added Component: Designator=R27(RES0603)
Add component. Clean all parameters for all variants
Added Component: Designator=R28(RES0603)
Add component. Clean all parameters for all variants
Added Component: Designator=R29(RES0603)
Add component. Clean all parameters for all variants
Added Component: Designator=R30(RES0603)
Add component. Clean all parameters for all variants
Added Component: Designator=R31(RES0603)
Add component. Clean all parameters for all variants
Added Component: Designator=R32(RES0603)
Add component. Clean all parameters for all variants
Added Component: Designator=R33(RES0603)
Add component. Clean all parameters for all variants
Added Component: Designator=R34(RES0603)
Add component. Clean all parameters for all variants
Added Component: Designator=R35(RES0603)
Add component. Clean all parameters for all variants
Added Component: Designator=R36(RES0603)
Add component. Clean all parameters for all variants
Added Component: Designator=R37(RES0603)
Add component. Clean all parameters for all variants
Added Component: Designator=R38(RESC0603)
Add component. Clean all parameters for all variants
Add component (AddParameter): Name = "LatestRevisionDate"; Value = "17-Jul-2002"; VariantName = "[No Variations]"
Add component (AddParameter): Name = "LatestRevisionNote"; Value = "Re-released for DXP Platform."; VariantName = "[No Variations]"
Add component (AddParameter): Name = "PackageReference"; Value = "AXIAL-0.5"; VariantName = "[No Variations]"
Add component (AddParameter): Name = "Published"; Value = "8-Jun-2000"; VariantName = "[No Variations]"
Add component (AddParameter): Name = "Publisher"; Value = "Altium Limited"; VariantName = "[No Variations]"
Add component (AddParameter): Name = "Value"; Value = "1K"; VariantName = "[No Variations]"
Added Component: Designator=R39(RES0603)
Add component. Clean all parameters for all variants
Added Component: Designator=R40(RESC0603)
Add component. Clean all parameters for all variants
Add component (AddParameter): Name = "LatestRevisionDate"; Value = "17-Jul-2002"; VariantName = "[No Variations]"
Add component (AddParameter): Name = "LatestRevisionNote"; Value = "Re-released for DXP Platform."; VariantName = "[No Variations]"
Add component (AddParameter): Name = "PackageReference"; Value = "AXIAL-0.5"; VariantName = "[No Variations]"
Add component (AddParameter): Name = "Published"; Value = "8-Jun-2000"; VariantName = "[No Variations]"
Add component (AddParameter): Name = "Publisher"; Value = "Altium Limited"; VariantName = "[No Variations]"
Add component (AddParameter): Name = "Value"; Value = "1K"; VariantName = "[No Variations]"
Added Component: Designator=R41(RES0603)
Add component. Clean all parameters for all variants
Added Component: Designator=R42(RESC0603)
Add component. Clean all parameters for all variants
Add component (AddParameter): Name = "LatestRevisionDate"; Value = "17-Jul-2002"; VariantName = "[No Variations]"
Add component (AddParameter): Name = "LatestRevisionNote"; Value = "Re-released for DXP Platform."; VariantName = "[No Variations]"
Add component (AddParameter): Name = "PackageReference"; Value = "AXIAL-0.5"; VariantName = "[No Variations]"
Add component (AddParameter): Name = "Published"; Value = "8-Jun-2000"; VariantName = "[No Variations]"
Add component (AddParameter): Name = "Publisher"; Value = "Altium Limited"; VariantName = "[No Variations]"
Add component (AddParameter): Name = "Value"; Value = "1K"; VariantName = "[No Variations]"
Added Component: Designator=SWD1(PIN HEADER 1*4 MALE)
Add component. Clean all parameters for all variants
Add component (AddParameter): Name = "LatestRevisionDate"; Value = "17-Jul-2002"; VariantName = "[No Variations]"
Add component (AddParameter): Name = "LatestRevisionNote"; Value = "Re-released for DXP Platform."; VariantName = "[No Variations]"
Add component (AddParameter): Name = "Publisher"; Value = "Altium Limited"; VariantName = "[No Variations]"
Added Component: Designator=SWD2(PIN HEADER 1*4 MALE)
Add component. Clean all parameters for all variants
Add component (AddParameter): Name = "LatestRevisionDate"; Value = "17-Jul-2002"; VariantName = "[No Variations]"
Add component (AddParameter): Name = "LatestRevisionNote"; Value = "Re-released for DXP Platform."; VariantName = "[No Variations]"
Add component (AddParameter): Name = "Publisher"; Value = "Altium Limited"; VariantName = "[No Variations]"
Added Component: Designator=TS1(Header1*3)
Add component. Clean all parameters for all variants
Add component (AddParameter): Name = "LatestRevisionDate"; Value = "17-Jul-2002"; VariantName = "[No Variations]"
Add component (AddParameter): Name = "LatestRevisionNote"; Value = "Re-released for DXP Platform."; VariantName = "[No Variations]"
Add component (AddParameter): Name = "Publisher"; Value = "Altium Limited"; VariantName = "[No Variations]"
Added Component: Designator=TS2(Header1*3)
Add component. Clean all parameters for all variants
Add component (AddParameter): Name = "LatestRevisionDate"; Value = "17-Jul-2002"; VariantName = "[No Variations]"
Add component (AddParameter): Name = "LatestRevisionNote"; Value = "Re-released for DXP Platform."; VariantName = "[No Variations]"
Add component (AddParameter): Name = "Publisher"; Value = "Altium Limited"; VariantName = "[No Variations]"
Added Component: Designator=U1(AT24C02)
Add component. Clean all parameters for all variants
Added Component: Designator=U2(CAP 10*10)
Add component. Clean all parameters for all variants
Added Component: Designator=U3(THX208)
Add component. Clean all parameters for all variants
Added Component: Designator=U4(AMS1117)
Add component. Clean all parameters for all variants
Added Component: Designator=U5(PRTR5)
Add component. Clean all parameters for all variants
Added Component: Designator=U6(IR2103STRBF)
Add component. Clean all parameters for all variants
Added Component: Designator=U7(STM32F103C8T6)
Add component. Clean all parameters for all variants
Add component (AddParameter): Name = "A/D Converter"; Value = "2x12-bit (10 Channel)"; VariantName = "[No Variations]"
Add component (AddParameter): Name = "ComponentLink1Description"; Value = "Manufacturer URL"; VariantName = "[No Variations]"
Add component (AddParameter): Name = "ComponentLink1URL"; Value = "http://www.st.com/web/en/home.html"; VariantName = "[No Variations]"
Add component (AddParameter): Name = "ComponentLink2Description"; Value = "Datasheet"; VariantName = "[No Variations]"
Add component (AddParameter): Name = "ComponentLink2URL"; Value = "http://www.st.com/st-web-ui/static/active/en/resource/technical/document/datasheet/CD00161566.pdf"; VariantName = "[No Variations]"
Add component (AddParameter): Name = "ComponentLink3Description"; Value = "Package Specification"; VariantName = "[No Variations]"
Add component (AddParameter): Name = "ComponentLink3URL"; Value = "http://www.st.com/st-web-ui/static/active/en/resource/technical/document/datasheet/DM00058181.pdf"; VariantName = "[No Variations]"
Add component (AddParameter): Name = "Core"; Value = "ARM Cortex-M3"; VariantName = "[No Variations]"
Add component (AddParameter): Name = "DatasheetVersion"; Value = "Rev. 16"; VariantName = "[No Variations]"
Add component (AddParameter): Name = "FLASH Size (Prog) (kB)"; Value = "64"; VariantName = "[No Variations]"
Add component (AddParameter): Name = "I/Os (High Current)"; Value = "37"; VariantName = "[No Variations]"
Add component (AddParameter): Name = "Internal RAM Size (kB)"; Value = "20"; VariantName = "[No Variations]"
Add component (AddParameter): Name = "Mounting Technology"; Value = "Surface Mount"; VariantName = "[No Variations]"
Add component (AddParameter): Name = "Operating Frequency(F) (Processor speed) (MHz)"; Value = "72"; VariantName = "[No Variations]"
Add component (AddParameter): Name = "PackageDescription"; Value = "48-Pin Low Profile Quad Flat Package, 7 x 7 mm Body, 0.5 mm Pitch"; VariantName = "[No Variations]"
Add component (AddParameter): Name = "PackageReference"; Value = "LQFP48"; VariantName = "[No Variations]"
Add component (AddParameter): Name = "PackageVersion"; Value = "Rev. 6, 06/2013"; VariantName = "[No Variations]"
Add component (AddParameter): Name = "Packing"; Value = "Tray"; VariantName = "[No Variations]"
Add component (AddParameter): Name = "PartNumber"; Value = "STM32F103C8T6"; VariantName = "[No Variations]"
Add component (AddParameter): Name = "Supplier 1"; Value = "Digi-Key"; VariantName = "[No Variations]"
Add component (AddParameter): Name = "Supplier 2"; Value = "Farnell"; VariantName = "[No Variations]"
Add component (AddParameter): Name = "Supplier 3"; Value = "Newark"; VariantName = "[No Variations]"
Add component (AddParameter): Name = "Supplier 4"; Value = "Newark"; VariantName = "[No Variations]"
Add component (AddParameter): Name = "Supplier 5"; Value = "Mouser"; VariantName = "[No Variations]"
Add component (AddParameter): Name = "Supplier Part Number 1"; Value = "497-6063-ND"; VariantName = "[No Variations]"
Add component (AddParameter): Name = "Supplier Part Number 2"; Value = "1447637"; VariantName = "[No Variations]"
Add component (AddParameter): Name = "Supplier Part Number 3"; Value = "59M2182"; VariantName = "[No Variations]"
Add component (AddParameter): Name = "Supplier Part Number 4"; Value = "57P1222"; VariantName = "[No Variations]"
Add component (AddParameter): Name = "Supplier Part Number 5"; Value = "511-STM32F103C8T6"; VariantName = "[No Variations]"
Add component (AddParameter): Name = "Supply Voltage(Vcc) min (V)"; Value = "2"; VariantName = "[No Variations]"
Added Component: Designator=U8(STM32F030F4P6)
Add component. Clean all parameters for all variants
Added Component: Designator=U9(IR2103STRBF)
Add component. Clean all parameters for all variants
Added Component: Designator=U10(IR2103STRBF)
Add component. Clean all parameters for all variants
Added Component: Designator=U11(AT24C02)
Add component. Clean all parameters for all variants
Added Component: Designator=U12(LORA-RA02)
Add component. Clean all parameters for all variants
Added Component: Designator=U13(ACS Current Sensor)
Add component. Clean all parameters for all variants
Added Component: Designator=X1(CRYSTAL_SMD4PIN)
Add component. Clean all parameters for all variants
Added Component: Designator=X2(CRYSTAL_SMD4PIN)
Add component. Clean all parameters for all variants
Added Component: Designator=Z1(TL431)
Add component. Clean all parameters for all variants
Added Pin To Net: NetName=3.3V Pin=C18-1
Added Pin To Net: NetName=3.3V Pin=C20-1
Added Pin To Net: NetName=3.3V Pin=C21-2
Added Pin To Net: NetName=3.3V Pin=C23-2
Added Pin To Net: NetName=3.3V Pin=C26-1
Added Pin To Net: NetName=3.3V Pin=C31-1
Added Pin To Net: NetName=3.3V Pin=C33-1
Added Pin To Net: NetName=3.3V Pin=C47-1
Added Pin To Net: NetName=3.3V Pin=C49-1
Added Pin To Net: NetName=3.3V Pin=C50-1
Added Pin To Net: NetName=3.3V Pin=C51-1
Added Pin To Net: NetName=3.3V Pin=C52-1
Added Pin To Net: NetName=3.3V Pin=C53-1
Added Pin To Net: NetName=3.3V Pin=C54-1
Added Pin To Net: NetName=3.3V Pin=C55-1
Added Pin To Net: NetName=3.3V Pin=C58-1
Added Pin To Net: NetName=3.3V Pin=C62-2
Added Pin To Net: NetName=3.3V Pin=C63-2
Added Pin To Net: NetName=3.3V Pin=H1-3
Added Pin To Net: NetName=3.3V Pin=H2-3
Added Pin To Net: NetName=3.3V Pin=H3-3
Added Pin To Net: NetName=3.3V Pin=R5-2
Added Pin To Net: NetName=3.3V Pin=R20-1
Added Pin To Net: NetName=3.3V Pin=R22-1
Added Pin To Net: NetName=3.3V Pin=R24-1
Added Pin To Net: NetName=3.3V Pin=R26-1
Added Pin To Net: NetName=3.3V Pin=R27-1
Added Pin To Net: NetName=3.3V Pin=R30-2
Added Pin To Net: NetName=3.3V Pin=R32-1
Added Pin To Net: NetName=3.3V Pin=R35-2
Added Pin To Net: NetName=3.3V Pin=R36-2
Added Pin To Net: NetName=3.3V Pin=R38-2
Added Pin To Net: NetName=3.3V Pin=R39-2
Added Pin To Net: NetName=3.3V Pin=R40-2
Added Pin To Net: NetName=3.3V Pin=R42-2
Added Pin To Net: NetName=3.3V Pin=SWD1-1
Added Pin To Net: NetName=3.3V Pin=SWD2-1
Added Pin To Net: NetName=3.3V Pin=TS1-3
Added Pin To Net: NetName=3.3V Pin=U4-2
Added Pin To Net: NetName=3.3V Pin=U7-1
Added Pin To Net: NetName=3.3V Pin=U7-24
Added Pin To Net: NetName=3.3V Pin=U7-36
Added Pin To Net: NetName=3.3V Pin=U7-48
Added Pin To Net: NetName=3.3V Pin=U8-16
Added Pin To Net: NetName=3.3V Pin=U11-8
Added Pin To Net: NetName=3.3V Pin=U12-3
Added Pin To Net: NetName=3.3V Pin=U13-1
Added Net: Name=3.3V
Added Pin To Net: NetName=5V Pin=C22-2
Added Pin To Net: NetName=5V Pin=C29-1
Added Pin To Net: NetName=5V Pin=L3-2
Added Pin To Net: NetName=5V Pin=R16-1
Added Pin To Net: NetName=5V Pin=R21-1
Added Pin To Net: NetName=5V Pin=TS2-2
Added Pin To Net: NetName=5V Pin=U4-3
Added Net: Name=5V
Added Pin To Net: NetName=12V Pin=C2-1
Added Pin To Net: NetName=12V Pin=C3-1
Added Pin To Net: NetName=12V Pin=C4-1
Added Pin To Net: NetName=12V Pin=C7-1
Added Pin To Net: NetName=12V Pin=C9-1
Added Pin To Net: NetName=12V Pin=C12-1
Added Pin To Net: NetName=12V Pin=C15-1
Added Pin To Net: NetName=12V Pin=C24-2
Added Pin To Net: NetName=12V Pin=C25-2
Added Pin To Net: NetName=12V Pin=C39-2
Added Pin To Net: NetName=12V Pin=C40-2
Added Pin To Net: NetName=12V Pin=C59-2
Added Pin To Net: NetName=12V Pin=C60-2
Added Pin To Net: NetName=12V Pin=D1-2
Added Pin To Net: NetName=12V Pin=D7-1
Added Pin To Net: NetName=12V Pin=D10-1
Added Pin To Net: NetName=12V Pin=D11-1
Added Pin To Net: NetName=12V Pin=L2-2
Added Pin To Net: NetName=12V Pin=R8-1
Added Pin To Net: NetName=12V Pin=R9-2
Added Pin To Net: NetName=12V Pin=R10-1
Added Pin To Net: NetName=12V Pin=R15-2
Added Pin To Net: NetName=12V Pin=TS2-3
Added Pin To Net: NetName=12V Pin=U5-3
Added Pin To Net: NetName=12V Pin=U6-1
Added Pin To Net: NetName=12V Pin=U9-1
Added Pin To Net: NetName=12V Pin=U10-1
Added Net: Name=12V
Added Pin To Net: NetName=ANT Pin=U12-1
Added Net: Name=ANT
Added Pin To Net: NetName=Crystal-1 Pin=C46-2
Added Pin To Net: NetName=Crystal-1 Pin=U8-2
Added Pin To Net: NetName=Crystal-1 Pin=X1-1
Added Net: Name=Crystal-1
Added Pin To Net: NetName=Crystal-2 Pin=C44-1
Added Pin To Net: NetName=Crystal-2 Pin=U8-3
Added Pin To Net: NetName=Crystal-2 Pin=X1-3
Added Net: Name=Crystal-2
Added Pin To Net: NetName=Crystal-3 Pin=C56-2
Added Pin To Net: NetName=Crystal-3 Pin=U7-5
Added Pin To Net: NetName=Crystal-3 Pin=X2-1
Added Net: Name=Crystal-3
Added Pin To Net: NetName=Crystal-4 Pin=C48-1
Added Pin To Net: NetName=Crystal-4 Pin=U7-6
Added Pin To Net: NetName=Crystal-4 Pin=X2-3
Added Net: Name=Crystal-4
Added Pin To Net: NetName=E_SCL Pin=R40-1
Added Pin To Net: NetName=E_SCL Pin=U11-6
Added Net: Name=E_SCL
Added Pin To Net: NetName=E_SDA Pin=C65-1
Added Pin To Net: NetName=E_SDA Pin=R42-1
Added Pin To Net: NetName=E_SDA Pin=U11-5
Added Net: Name=E_SDA
Added Pin To Net: NetName=E_WP Pin=R38-1
Added Pin To Net: NetName=E_WP Pin=U11-7
Added Net: Name=E_WP
Added Pin To Net: NetName=ESP-RST Pin=U7-3
Added Net: Name=ESP-RST
Added Pin To Net: NetName=ESP-RX Pin=U7-12
Added Net: Name=ESP-RX
Added Pin To Net: NetName=ESP-TX Pin=U7-13
Added Net: Name=ESP-TX
Added Pin To Net: NetName=GND Pin=C2-2
Added Pin To Net: NetName=GND Pin=C3-2
Added Pin To Net: NetName=GND Pin=C4-2
Added Pin To Net: NetName=GND Pin=C7-2
Added Pin To Net: NetName=GND Pin=C9-2
Added Pin To Net: NetName=GND Pin=C10-1
Added Pin To Net: NetName=GND Pin=C12-2
Added Pin To Net: NetName=GND Pin=C13-1
Added Pin To Net: NetName=GND Pin=C15-2
Added Pin To Net: NetName=GND Pin=C18-2
Added Pin To Net: NetName=GND Pin=C20-2
Added Pin To Net: NetName=GND Pin=C21-1
Added Pin To Net: NetName=GND Pin=C22-1
Added Pin To Net: NetName=GND Pin=C23-1
Added Pin To Net: NetName=GND Pin=C26-2
Added Pin To Net: NetName=GND Pin=C29-2
Added Pin To Net: NetName=GND Pin=C31-2
Added Pin To Net: NetName=GND Pin=C32-2
Added Pin To Net: NetName=GND Pin=C33-2
Added Pin To Net: NetName=GND Pin=C36-2
Added Pin To Net: NetName=GND Pin=C44-2
Added Pin To Net: NetName=GND Pin=C45-1
Added Pin To Net: NetName=GND Pin=C46-1
Added Pin To Net: NetName=GND Pin=C47-2
Added Pin To Net: NetName=GND Pin=C48-2
Added Pin To Net: NetName=GND Pin=C49-2
Added Pin To Net: NetName=GND Pin=C50-2
Added Pin To Net: NetName=GND Pin=C51-2
Added Pin To Net: NetName=GND Pin=C52-2
Added Pin To Net: NetName=GND Pin=C53-2
Added Pin To Net: NetName=GND Pin=C54-2
Added Pin To Net: NetName=GND Pin=C55-2
Added Pin To Net: NetName=GND Pin=C56-1
Added Pin To Net: NetName=GND Pin=C57-1
Added Pin To Net: NetName=GND Pin=C58-2
Added Pin To Net: NetName=GND Pin=C62-1
Added Pin To Net: NetName=GND Pin=C63-1
Added Pin To Net: NetName=GND Pin=C64-1
Added Pin To Net: NetName=GND Pin=C65-2
Added Pin To Net: NetName=GND Pin=D4-1
Added Pin To Net: NetName=GND Pin=D8-2
Added Pin To Net: NetName=GND Pin=D9-2
Added Pin To Net: NetName=GND Pin=H1-1
Added Pin To Net: NetName=GND Pin=H2-1
Added Pin To Net: NetName=GND Pin=H3-1
Added Pin To Net: NetName=GND Pin=L1-2
Added Pin To Net: NetName=GND Pin=Q1-2
Added Pin To Net: NetName=GND Pin=R11-1
Added Pin To Net: NetName=GND Pin=R12-2
Added Pin To Net: NetName=GND Pin=R18-1
Added Pin To Net: NetName=GND Pin=R19-1
Added Pin To Net: NetName=GND Pin=R25-1
Added Pin To Net: NetName=GND Pin=R29-2
Added Pin To Net: NetName=GND Pin=R33-2
Added Pin To Net: NetName=GND Pin=SWD1-4
Added Pin To Net: NetName=GND Pin=SWD2-4
Added Pin To Net: NetName=GND Pin=TS1-1
Added Pin To Net: NetName=GND Pin=U1-3
Added Pin To Net: NetName=GND Pin=U1-6
Added Pin To Net: NetName=GND Pin=U2-2
Added Pin To Net: NetName=GND Pin=U4-1
Added Pin To Net: NetName=GND Pin=U5-1
Added Pin To Net: NetName=GND Pin=U7-23
Added Pin To Net: NetName=GND Pin=U7-35
Added Pin To Net: NetName=GND Pin=U7-47
Added Pin To Net: NetName=GND Pin=U8-15
Added Pin To Net: NetName=GND Pin=U11-1
Added Pin To Net: NetName=GND Pin=U11-2
Added Pin To Net: NetName=GND Pin=U11-3
Added Pin To Net: NetName=GND Pin=U11-4
Added Pin To Net: NetName=GND Pin=U12-2
Added Pin To Net: NetName=GND Pin=U12-9
Added Pin To Net: NetName=GND Pin=U12-16
Added Pin To Net: NetName=GND Pin=U13-2
Added Pin To Net: NetName=GND Pin=X1-2
Added Pin To Net: NetName=GND Pin=X1-4
Added Pin To Net: NetName=GND Pin=X2-2
Added Pin To Net: NetName=GND Pin=X2-4
Added Pin To Net: NetName=GND Pin=Z1-3
Added Net: Name=GND
Added Pin To Net: NetName=I2C_SCL Pin=R27-2
Added Pin To Net: NetName=I2C_SCL Pin=U7-21
Added Pin To Net: NetName=I2C_SCL Pin=U8-17
Added Net: Name=I2C_SCL
Added Pin To Net: NetName=I2C_SDA Pin=R26-2
Added Pin To Net: NetName=I2C_SDA Pin=U7-22
Added Pin To Net: NetName=I2C_SDA Pin=U8-18
Added Net: Name=I2C_SDA
Added Pin To Net: NetName=L1-HighGate Pin=U8-11
Added Pin To Net: NetName=L1-HighGate Pin=U10-2
Added Net: Name=L1-HighGate
Added Pin To Net: NetName=L1-LowGate Pin=U8-10
Added Pin To Net: NetName=L1-LowGate Pin=U10-3
Added Net: Name=L1-LowGate
Added Pin To Net: NetName=L2-HighGate Pin=U8-9
Added Pin To Net: NetName=L2-HighGate Pin=U9-2
Added Net: Name=L2-HighGate
Added Pin To Net: NetName=L2-LowGate Pin=U8-8
Added Pin To Net: NetName=L2-LowGate Pin=U9-3
Added Net: Name=L2-LowGate
Added Pin To Net: NetName=L3-HighGate Pin=U6-2
Added Pin To Net: NetName=L3-HighGate Pin=U8-7
Added Net: Name=L3-HighGate
Added Pin To Net: NetName=L3-LowGate Pin=U6-3
Added Pin To Net: NetName=L3-LowGate Pin=U8-6
Added Net: Name=L3-LowGate
Added Pin To Net: NetName=L-DIO0 Pin=U12-5
Added Net: Name=L-DIO0
Added Pin To Net: NetName=L-MISO Pin=U12-13
Added Net: Name=L-MISO
Added Pin To Net: NetName=L-MOSI Pin=U12-14
Added Net: Name=L-MOSI
Added Pin To Net: NetName=L-RST Pin=U12-4
Added Net: Name=L-RST
Added Pin To Net: NetName=L-SCK Pin=U12-12
Added Net: Name=L-SCK
Added Pin To Net: NetName=L_NSS Pin=U12-15
Added Net: Name=L_NSS
Added Pin To Net: NetName=LED1 Pin=U7-25
Added Net: Name=LED1
Added Pin To Net: NetName=LED2 Pin=U7-26
Added Net: Name=LED2
Added Pin To Net: NetName=MCL Pin=U7-19
Added Net: Name=MCL
Added Pin To Net: NetName=MOTOR-GND Pin=C5-2
Added Pin To Net: NetName=MOTOR-GND Pin=C8-2
Added Pin To Net: NetName=MOTOR-GND Pin=C14-2
Added Pin To Net: NetName=MOTOR-GND Pin=C16-2
Added Pin To Net: NetName=MOTOR-GND Pin=C17-2
Added Pin To Net: NetName=MOTOR-GND Pin=C24-1
Added Pin To Net: NetName=MOTOR-GND Pin=C25-1
Added Pin To Net: NetName=MOTOR-GND Pin=C27-1
Added Pin To Net: NetName=MOTOR-GND Pin=C28-1
Added Pin To Net: NetName=MOTOR-GND Pin=C34-1
Added Pin To Net: NetName=MOTOR-GND Pin=C35-1
Added Pin To Net: NetName=MOTOR-GND Pin=C37-1
Added Pin To Net: NetName=MOTOR-GND Pin=C38-1
Added Pin To Net: NetName=MOTOR-GND Pin=C39-1
Added Pin To Net: NetName=MOTOR-GND Pin=C40-1
Added Pin To Net: NetName=MOTOR-GND Pin=C42-1
Added Pin To Net: NetName=MOTOR-GND Pin=C43-1
Added Pin To Net: NetName=MOTOR-GND Pin=C59-1
Added Pin To Net: NetName=MOTOR-GND Pin=C60-1
Added Pin To Net: NetName=MOTOR-GND Pin=CN1-1
Added Pin To Net: NetName=MOTOR-GND Pin=CN1-2
Added Pin To Net: NetName=MOTOR-GND Pin=D5-1
Added Pin To Net: NetName=MOTOR-GND Pin=D6-2
Added Pin To Net: NetName=MOTOR-GND Pin=L1-3
Added Pin To Net: NetName=MOTOR-GND Pin=Q3-3
Added Pin To Net: NetName=MOTOR-GND Pin=Q5-3
Added Pin To Net: NetName=MOTOR-GND Pin=Q7-3
Added Pin To Net: NetName=MOTOR-GND Pin=R14-1
Added Pin To Net: NetName=MOTOR-GND Pin=U3-5
Added Pin To Net: NetName=MOTOR-GND Pin=U6-4
Added Pin To Net: NetName=MOTOR-GND Pin=U9-4
Added Pin To Net: NetName=MOTOR-GND Pin=U10-4
Added Net: Name=MOTOR-GND
Added Pin To Net: NetName=Motor-L1 Pin=C61-2
Added Pin To Net: NetName=Motor-L1 Pin=CN2-3
Added Pin To Net: NetName=Motor-L1 Pin=Q6-3
Added Pin To Net: NetName=Motor-L1 Pin=Q7-2
Added Pin To Net: NetName=Motor-L1 Pin=U10-6
Added Net: Name=Motor-L1
Added Pin To Net: NetName=Motor-L2 Pin=C41-2
Added Pin To Net: NetName=Motor-L2 Pin=CN2-2
Added Pin To Net: NetName=Motor-L2 Pin=Q4-3
Added Pin To Net: NetName=Motor-L2 Pin=Q5-2
Added Pin To Net: NetName=Motor-L2 Pin=U9-6
Added Net: Name=Motor-L2
Added Pin To Net: NetName=Motor-L3 Pin=C30-2
Added Pin To Net: NetName=Motor-L3 Pin=CN2-1
Added Pin To Net: NetName=Motor-L3 Pin=Q2-3
Added Pin To Net: NetName=Motor-L3 Pin=Q3-2
Added Pin To Net: NetName=Motor-L3 Pin=U6-6
Added Net: Name=Motor-L3
Added Pin To Net: NetName=MotorPower Pin=C27-2
Added Pin To Net: NetName=MotorPower Pin=C28-2
Added Pin To Net: NetName=MotorPower Pin=C34-2
Added Pin To Net: NetName=MotorPower Pin=C35-2
Added Pin To Net: NetName=MotorPower Pin=C37-2
Added Pin To Net: NetName=MotorPower Pin=C38-2
Added Pin To Net: NetName=MotorPower Pin=C42-2
Added Pin To Net: NetName=MotorPower Pin=C43-2
Added Pin To Net: NetName=MotorPower Pin=CN1-3
Added Pin To Net: NetName=MotorPower Pin=D5-2
Added Pin To Net: NetName=MotorPower Pin=Q2-2
Added Pin To Net: NetName=MotorPower Pin=Q4-2
Added Pin To Net: NetName=MotorPower Pin=Q6-2
Added Pin To Net: NetName=MotorPower Pin=R1-2
Added Pin To Net: NetName=MotorPower Pin=R3-2
Added Pin To Net: NetName=MotorPower Pin=U13-5
Added Net: Name=MotorPower
Added Pin To Net: NetName=NetC1_1 Pin=C1-1
Added Pin To Net: NetName=NetC1_1 Pin=C5-1
Added Pin To Net: NetName=NetC1_1 Pin=L1-6
Added Pin To Net: NetName=NetC1_1 Pin=R1-1
Added Pin To Net: NetName=NetC1_1 Pin=R2-2
Added Pin To Net: NetName=NetC1_1 Pin=R4-1
Added Net: Name=NetC1_1
Added Pin To Net: NetName=NetC1_2 Pin=C1-2
Added Pin To Net: NetName=NetC1_2 Pin=D2-2
Added Pin To Net: NetName=NetC1_2 Pin=R4-2
Added Net: Name=NetC1_2
Added Pin To Net: NetName=NetC6_1 Pin=C6-1
Added Pin To Net: NetName=NetC6_1 Pin=D4-2
Added Pin To Net: NetName=NetC6_1 Pin=L2-1
Added Pin To Net: NetName=NetC6_1 Pin=U1-8
Added Net: Name=NetC6_1
Added Pin To Net: NetName=NetC6_2 Pin=C6-2
Added Pin To Net: NetName=NetC6_2 Pin=U1-1
Added Net: Name=NetC6_2
Added Pin To Net: NetName=NetC8_1 Pin=C8-1
Added Pin To Net: NetName=NetC8_1 Pin=R6-1
Added Pin To Net: NetName=NetC8_1 Pin=U3-1
Added Net: Name=NetC8_1
Added Pin To Net: NetName=NetC10_2 Pin=C10-2
Added Pin To Net: NetName=NetC10_2 Pin=R7-1
Added Pin To Net: NetName=NetC10_2 Pin=R11-2
Added Pin To Net: NetName=NetC10_2 Pin=U1-5
Added Net: Name=NetC10_2
Added Pin To Net: NetName=NetC11_1 Pin=C11-1
Added Pin To Net: NetName=NetC11_1 Pin=R10-2
Added Pin To Net: NetName=NetC11_1 Pin=R12-1
Added Pin To Net: NetName=NetC11_1 Pin=Z1-2
Added Net: Name=NetC11_1
Added Pin To Net: NetName=NetC11_2 Pin=C11-2
Added Pin To Net: NetName=NetC11_2 Pin=D6-3
Added Pin To Net: NetName=NetC11_2 Pin=Z1-1
Added Net: Name=NetC11_2
Added Pin To Net: NetName=NetC13_2 Pin=C13-2
Added Pin To Net: NetName=NetC13_2 Pin=U1-2
Added Net: Name=NetC13_2
Added Pin To Net: NetName=NetC14_1 Pin=C14-1
Added Pin To Net: NetName=NetC14_1 Pin=U3-2
Added Net: Name=NetC14_1
Added Pin To Net: NetName=NetC17_1 Pin=C17-1
Added Pin To Net: NetName=NetC17_1 Pin=D6-4
Added Pin To Net: NetName=NetC17_1 Pin=R14-2
Added Pin To Net: NetName=NetC17_1 Pin=U3-4
Added Net: Name=NetC17_1
Added Pin To Net: NetName=NetC19_1 Pin=C19-1
Added Pin To Net: NetName=NetC19_1 Pin=L3-1
Added Pin To Net: NetName=NetC19_1 Pin=U5-2
Added Net: Name=NetC19_1
Added Pin To Net: NetName=NetC19_2 Pin=C19-2
Added Pin To Net: NetName=NetC19_2 Pin=U5-6
Added Net: Name=NetC19_2
Added Pin To Net: NetName=NetC30_1 Pin=C30-1
Added Pin To Net: NetName=NetC30_1 Pin=D7-2
Added Pin To Net: NetName=NetC30_1 Pin=U6-8
Added Net: Name=NetC30_1
Added Pin To Net: NetName=NetC41_1 Pin=C41-1
Added Pin To Net: NetName=NetC41_1 Pin=D10-2
Added Pin To Net: NetName=NetC41_1 Pin=U9-8
Added Net: Name=NetC41_1
Added Pin To Net: NetName=NetC45_2 Pin=C45-2
Added Pin To Net: NetName=NetC45_2 Pin=R30-1
Added Pin To Net: NetName=NetC45_2 Pin=U7-7
Added Net: Name=NetC45_2
Added Pin To Net: NetName=NetC57_2 Pin=C57-2
Added Pin To Net: NetName=NetC57_2 Pin=R32-2
Added Pin To Net: NetName=NetC57_2 Pin=U7-9
Added Net: Name=NetC57_2
Added Pin To Net: NetName=NetC61_1 Pin=C61-1
Added Pin To Net: NetName=NetC61_1 Pin=D11-2
Added Pin To Net: NetName=NetC61_1 Pin=U10-8
Added Net: Name=NetC61_1
Added Pin To Net: NetName=NetC64_2 Pin=C64-2
Added Pin To Net: NetName=NetC64_2 Pin=R41-1
Added Net: Name=NetC64_2
Added Pin To Net: NetName=NetD1_1 Pin=D1-1
Added Pin To Net: NetName=NetD1_1 Pin=L1-1
Added Net: Name=NetD1_1
Added Pin To Net: NetName=NetD3_1 Pin=D3-1
Added Pin To Net: NetName=NetD3_1 Pin=L1-4
Added Net: Name=NetD3_1
Added Pin To Net: NetName=NetD6_1 Pin=D6-1
Added Pin To Net: NetName=NetD6_1 Pin=R8-2
Added Net: Name=NetD6_1
Added Pin To Net: NetName=NetD8_1 Pin=D8-1
Added Pin To Net: NetName=NetD8_1 Pin=R21-2
Added Net: Name=NetD8_1
Added Pin To Net: NetName=NetD9_1 Pin=D9-1
Added Pin To Net: NetName=NetD9_1 Pin=R22-2
Added Net: Name=NetD9_1
Added Pin To Net: NetName=NetQ1_1 Pin=Q1-1
Added Pin To Net: NetName=NetQ1_1 Pin=R13-2
Added Net: Name=NetQ1_1
Added Pin To Net: NetName=NetQ1_3 Pin=Q1-3
Added Pin To Net: NetName=NetQ1_3 Pin=TS2-1
Added Net: Name=NetQ1_3
Added Pin To Net: NetName=NetQ2_1 Pin=Q2-1
Added Pin To Net: NetName=NetQ2_1 Pin=R17-2
Added Net: Name=NetQ2_1
Added Pin To Net: NetName=NetQ3_1 Pin=Q3-1
Added Pin To Net: NetName=NetQ3_1 Pin=R23-2
Added Net: Name=NetQ3_1
Added Pin To Net: NetName=NetQ4_1 Pin=Q4-1
Added Pin To Net: NetName=NetQ4_1 Pin=R28-2
Added Net: Name=NetQ4_1
Added Pin To Net: NetName=NetQ5_1 Pin=Q5-1
Added Pin To Net: NetName=NetQ5_1 Pin=R31-2
Added Net: Name=NetQ5_1
Added Pin To Net: NetName=NetQ6_1 Pin=Q6-1
Added Pin To Net: NetName=NetQ6_1 Pin=R34-2
Added Net: Name=NetQ6_1
Added Pin To Net: NetName=NetQ7_1 Pin=Q7-1
Added Pin To Net: NetName=NetQ7_1 Pin=R37-2
Added Net: Name=NetQ7_1
Added Pin To Net: NetName=NetR2_1 Pin=R2-1
Added Pin To Net: NetName=NetR2_1 Pin=R6-2
Added Net: Name=NetR2_1
Added Pin To Net: NetName=NetR3_1 Pin=R3-1
Added Pin To Net: NetName=NetR3_1 Pin=R7-2
Added Pin To Net: NetName=NetR3_1 Pin=U1-7
Added Pin To Net: NetName=NetR3_1 Pin=U2-1
Added Net: Name=NetR3_1
Added Pin To Net: NetName=NetR9_1 Pin=R9-1
Added Pin To Net: NetName=NetR9_1 Pin=U1-4
Added Net: Name=NetR9_1
Added Pin To Net: NetName=NetR15_1 Pin=R15-1
Added Pin To Net: NetName=NetR15_1 Pin=R18-2
Added Pin To Net: NetName=NetR15_1 Pin=U5-5
Added Net: Name=NetR15_1
Added Pin To Net: NetName=NetR16_2 Pin=R16-2
Added Pin To Net: NetName=NetR16_2 Pin=R19-2
Added Pin To Net: NetName=NetR16_2 Pin=U5-4
Added Net: Name=NetR16_2
Added Pin To Net: NetName=NetR17_1 Pin=R17-1
Added Pin To Net: NetName=NetR17_1 Pin=U6-7
Added Net: Name=NetR17_1
Added Pin To Net: NetName=NetR23_1 Pin=R23-1
Added Pin To Net: NetName=NetR23_1 Pin=U6-5
Added Net: Name=NetR23_1
Added Pin To Net: NetName=NetR25_2 Pin=R25-2
Added Pin To Net: NetName=NetR25_2 Pin=U8-1
Added Net: Name=NetR25_2
Added Pin To Net: NetName=NetR28_1 Pin=R28-1
Added Pin To Net: NetName=NetR28_1 Pin=U9-7
Added Net: Name=NetR28_1
Added Pin To Net: NetName=NetR29_1 Pin=R29-1
Added Pin To Net: NetName=NetR29_1 Pin=U7-44
Added Net: Name=NetR29_1
Added Pin To Net: NetName=NetR31_1 Pin=R31-1
Added Pin To Net: NetName=NetR31_1 Pin=U9-5
Added Net: Name=NetR31_1
Added Pin To Net: NetName=NetR33_1 Pin=R33-1
Added Pin To Net: NetName=NetR33_1 Pin=U7-8
Added Net: Name=NetR33_1
Added Pin To Net: NetName=NetR34_1 Pin=R34-1
Added Pin To Net: NetName=NetR34_1 Pin=U10-7
Added Net: Name=NetR34_1
Added Pin To Net: NetName=NetR37_1 Pin=R37-1
Added Pin To Net: NetName=NetR37_1 Pin=U10-5
Added Net: Name=NetR37_1
Added Pin To Net: NetName=NetR41_2 Pin=R41-2
Added Pin To Net: NetName=NetR41_2 Pin=U13-3
Added Net: Name=NetR41_2
Added Pin To Net: NetName=POT1 Pin=U7-14
Added Net: Name=POT1
Added Pin To Net: NetName=POT2 Pin=U7-18
Added Net: Name=POT2
Added Pin To Net: NetName=PROGRAM Pin=U7-2
Added Net: Name=PROGRAM
Added Pin To Net: NetName=RELAY Pin=U7-45
Added Net: Name=RELAY
Added Pin To Net: NetName=RGL1 Pin=H2-2
Added Pin To Net: NetName=RGL1 Pin=R36-1
Added Pin To Net: NetName=RGL1 Pin=U8-12
Added Net: Name=RGL1
Added Pin To Net: NetName=RGL2 Pin=H3-2
Added Pin To Net: NetName=RGL2 Pin=R39-1
Added Pin To Net: NetName=RGL2 Pin=U8-13
Added Net: Name=RGL2
Added Pin To Net: NetName=RGL3 Pin=H1-2
Added Pin To Net: NetName=RGL3 Pin=R35-1
Added Pin To Net: NetName=RGL3 Pin=U8-14
Added Net: Name=RGL3
Added Pin To Net: NetName=RST-2 Pin=C36-1
Added Pin To Net: NetName=RST-2 Pin=R24-2
Added Pin To Net: NetName=RST-2 Pin=U8-4
Added Net: Name=RST-2
Added Pin To Net: NetName=SWCLK1 Pin=SWD2-3
Added Pin To Net: NetName=SWCLK1 Pin=U7-37
Added Net: Name=SWCLK1
Added Pin To Net: NetName=SWCLK Pin=SWD1-3
Added Pin To Net: NetName=SWCLK Pin=U8-20
Added Net: Name=SWCLK
Added Pin To Net: NetName=SWDIO1 Pin=SWD2-2
Added Pin To Net: NetName=SWDIO1 Pin=U7-34
Added Net: Name=SWDIO1
Added Pin To Net: NetName=SWDIO Pin=SWD1-2
Added Pin To Net: NetName=SWDIO Pin=U8-19
Added Net: Name=SWDIO
Added Pin To Net: NetName=SW Pin=D2-1
Added Pin To Net: NetName=SW Pin=L1-5
Added Pin To Net: NetName=SW Pin=U3-6
Added Net: Name=SW
Added Pin To Net: NetName=TEMP1 Pin=U7-15
Added Net: Name=TEMP1
Added Pin To Net: NetName=TEMP2 Pin=U7-16
Added Net: Name=TEMP2
Added Pin To Net: NetName=TEMP3 Pin=U7-10
Added Net: Name=TEMP3
Added Pin To Net: NetName=TEMP4 Pin=U7-11
Added Net: Name=TEMP4
Added Pin To Net: NetName=TRIAC Pin=U7-46
Added Net: Name=TRIAC
Added Pin To Net: NetName=TS Pin=R5-1
Added Pin To Net: NetName=TS Pin=TS1-2
Added Net: Name=TS
Added Pin To Net: NetName=TXH12V Pin=C16-1
Added Pin To Net: NetName=TXH12V Pin=D3-2
Added Pin To Net: NetName=TXH12V Pin=U3-3
Added Net: Name=TXH12V
Added Pin To Net: NetName=VCC Pin=U13-4
Added Net: Name=VCC
Added Pin To Net: NetName=VDDA-1 Pin=C32-1
Added Pin To Net: NetName=VDDA-1 Pin=R20-2
Added Pin To Net: NetName=VDDA-1 Pin=U8-5
Added Net: Name=VDDA-1
Added Class: Name=Sheet1
Added Room: Name=Sheet1
