Added Component: Designator=C69(CAP0603)
Add component. Clean all parameters for all variants
Added Component: Designator=C70(CAP0603)
Add component. Clean all parameters for all variants
Added Component: Designator=R43(RES0603)
Add component. Clean all parameters for all variants
Added Component: Designator=R44(RES0603)
Add component. Clean all parameters for all variants
Added Component: Designator=R45(RES0603)
Add component. Clean all parameters for all variants
Added Component: Designator=R46(RES0603)
Add component. Clean all parameters for all variants
Added Pin To Net: NetName=GND Pin=C69-1
Added Pin To Net: NetName=GND Pin=C70-1
Added Pin To Net: NetName=12V Pin=R43-1
Added Pin To Net: NetName=VCC Pin=R44-1
Added Pin To Net: NetName=GND Pin=R45-2
Added Pin To Net: NetName=GND Pin=R46-2
Added Pin To Net: NetName=NetC69_2 Pin=C69-2
Added Pin To Net: NetName=NetC69_2 Pin=R43-2
Added Pin To Net: NetName=NetC69_2 Pin=R45-1
Added Net: Name=NetC69_2
Added Pin To Net: NetName=NetC70_2 Pin=C70-2
Added Pin To Net: NetName=NetC70_2 Pin=R44-2
Added Pin To Net: NetName=NetC70_2 Pin=R46-1
Added Net: Name=NetC70_2
Added Member To Class: ClassName=Sheet1 Member=Component C69 100nF
Added Member To Class: ClassName=Sheet1 Member=Component C70 100nF
Added Member To Class: ClassName=Sheet1 Member=Component R43 1K
Added Member To Class: ClassName=Sheet1 Member=Component R44 1K
Added Member To Class: ClassName=Sheet1 Member=Component R45 1K
Added Member To Class: ClassName=Sheet1 Member=Component R46 1K
Added Room: Name=Sheet1
