Change Component Comment: Designator=R1 Old Comment=0R New Comment=1K
Change Component Comment: Designator=R3 Old Comment=0R New Comment=1K
Change Component Comment: Designator=R47 Old Comment=0R New Comment=1K
Change Component Comment: Designator=R21 Old Comment=1.5K New Comment=1K
Change Component Comment: Designator=R13 Old Comment=1K New Comment=4.7R
Change Component Comment: Designator=R41 Old Comment=1K New Comment=10K
Change Component Comment: Designator=R2 Old Comment=1M New Comment=1K
Change Component Comment: Designator=R6 Old Comment=1M New Comment=1K
Change Component Comment: Designator=C65 Old Comment=1nF New Comment=10nF
Change Component Comment: Designator=C63 Old Comment=1uF New Comment=4.7uF
Change Component Comment: Designator=C69 Old Comment=1uF New Comment=100nF
Change Component Comment: Designator=C70 Old Comment=1uF New Comment=100nF
Change Component Comment: Designator=C1 Old Comment=2.2nF New Comment=10nF
Change Component Comment: Designator=R10 Old Comment=2.4K New Comment=1K
Change Component Comment: Designator=R12 Old Comment=2.4K New Comment=1K
Change Component Comment: Designator=C5 Old Comment=4.7uF New Comment=470uF
Change Component Comment: Designator=R14 Old Comment=10K New Comment=1K
Change Component Comment: Designator=R45 Old Comment=10K New Comment=1K
Change Component Comment: Designator=R43 Old Comment=47K New Comment=1K
Change Component Comment: Designator=R4 Old Comment=100K New Comment=1K
Change Component Comment: Designator=R44 Old Comment=100K New Comment=1K
Change Component Comment: Designator=C64 Old Comment=100nF New Comment=4.7uF
Change Component Comment: Designator=R8 Old Comment=220R New Comment=1K
Change Component Comment: Designator=L1 Old Comment=EE13 New Comment=EE16
Change Component Comment: Designator=D2 Old Comment=RS1M New Comment=SS36
Change Component Designator: OldDesignator=C1 NewDesignator=C47
Change Component Designator: OldDesignator=C2 NewDesignator=C41
Change Component Designator: OldDesignator=C3 NewDesignator=C17
Change Component Designator: OldDesignator=C4 NewDesignator=C67
Change Component Designator: OldDesignator=C5 NewDesignator=C45
Change Component Designator: OldDesignator=C6 NewDesignator=C24
Change Component Designator: OldDesignator=C7 NewDesignator=C66
Change Component Designator: OldDesignator=C8 NewDesignator=C39
Change Component Designator: OldDesignator=C9 NewDesignator=C65
Change Component Designator: OldDesignator=C10 NewDesignator=C54
Change Component Designator: OldDesignator=C11 NewDesignator=C58
Change Component Designator: OldDesignator=C12 NewDesignator=C52
Change Component Designator: OldDesignator=C13 NewDesignator=C53
Change Component Designator: OldDesignator=C14 NewDesignator=C36
Change Component Designator: OldDesignator=C15 NewDesignator=C51
Change Component Designator: OldDesignator=C16 NewDesignator=C33
Change Component Designator: OldDesignator=C17 NewDesignator=C40
Change Component Designator: OldDesignator=C18 NewDesignator=C43
Change Component Designator: OldDesignator=C19 NewDesignator=C70
Change Component Designator: OldDesignator=C20 NewDesignator=C32
Change Component Designator: OldDesignator=C21 NewDesignator=C35
Change Component Designator: OldDesignator=C22 NewDesignator=C55
Change Component Designator: OldDesignator=C23 NewDesignator=C29
Change Component Designator: OldDesignator=C24 NewDesignator=C22
Change Component Designator: OldDesignator=C25 NewDesignator=C21
Change Component Designator: OldDesignator=C26 NewDesignator=C62
Change Component Designator: OldDesignator=C27 NewDesignator=C5
Change Component Designator: OldDesignator=C28 NewDesignator=C6
Change Component Designator: OldDesignator=C29 NewDesignator=C38
Change Component Designator: OldDesignator=C30 NewDesignator=C14
Change Component Designator: OldDesignator=C31 NewDesignator=C23
Change Component Designator: OldDesignator=C32 NewDesignator=C49
Change Component Designator: OldDesignator=C33 NewDesignator=C46
Change Component Designator: OldDesignator=C34 NewDesignator=C8
Change Component Designator: OldDesignator=C35 NewDesignator=C10
Change Component Designator: OldDesignator=C36 NewDesignator=C48
Change Component Designator: OldDesignator=C37 NewDesignator=C3
Change Component Designator: OldDesignator=C38 NewDesignator=C4
Change Component Designator: OldDesignator=C39 NewDesignator=C18
Change Component Designator: OldDesignator=C40 NewDesignator=C28
Change Component Designator: OldDesignator=C41 NewDesignator=C15
Change Component Designator: OldDesignator=C42 NewDesignator=C7
Change Component Designator: OldDesignator=C43 NewDesignator=C9
Change Component Designator: OldDesignator=C44 NewDesignator=C11
Change Component Designator: OldDesignator=C45 NewDesignator=C63
Change Component Designator: OldDesignator=C46 NewDesignator=C12
Change Component Designator: OldDesignator=C47 NewDesignator=C31
Change Component Designator: OldDesignator=C48 NewDesignator=C37
Change Component Designator: OldDesignator=C49 NewDesignator=C61
Change Component Designator: OldDesignator=C50 NewDesignator=C34
Change Component Designator: OldDesignator=C51 NewDesignator=C57
Change Component Designator: OldDesignator=C52 NewDesignator=C56
Change Component Designator: OldDesignator=C53 NewDesignator=C25
Change Component Designator: OldDesignator=C54 NewDesignator=C27
Change Component Designator: OldDesignator=C55 NewDesignator=C26
Change Component Designator: OldDesignator=C56 NewDesignator=C44
Change Component Designator: OldDesignator=C57 NewDesignator=C59
Change Component Designator: OldDesignator=C58 NewDesignator=C69
Change Component Designator: OldDesignator=C59 NewDesignator=C20
Change Component Designator: OldDesignator=C60 NewDesignator=C19
Change Component Designator: OldDesignator=C61 NewDesignator=C16
Change Component Designator: OldDesignator=C62 NewDesignator=C42
Change Component Designator: OldDesignator=C63 NewDesignator=C68
Change Component Designator: OldDesignator=C64 NewDesignator=C50
Change Component Designator: OldDesignator=C65 NewDesignator=C64
Change Component Designator: OldDesignator=C66 NewDesignator=C13
Change Component Designator: OldDesignator=C67 NewDesignator=C1
Change Component Designator: OldDesignator=C68 NewDesignator=C2
Change Component Designator: OldDesignator=C69 NewDesignator=C60
Change Component Designator: OldDesignator=C70 NewDesignator=C30
Change Component Designator: OldDesignator=CN1 NewDesignator=IN
Change Component Designator: OldDesignator=CN2 NewDesignator=OUT
Change Component Designator: OldDesignator=D1 NewDesignator=D6
Change Component Designator: OldDesignator=D2 NewDesignator=D12
Change Component Designator: OldDesignator=D3 NewDesignator=D11
Change Component Designator: OldDesignator=D4 NewDesignator=D10
Change Component Designator: OldDesignator=D5 NewDesignator=D1
Change Component Designator: OldDesignator=D6 NewDesignator=D2
Change Component Designator: OldDesignator=D8 NewDesignator=D4
Change Component Designator: OldDesignator=D9 NewDesignator=D5
Change Component Designator: OldDesignator=D10 NewDesignator=D9
Change Component Designator: OldDesignator=D11 NewDesignator=D8
Change Component Designator: OldDesignator=D13 NewDesignator=D3
Change Component Designator: OldDesignator=H1 NewDesignator=IN3
Change Component Designator: OldDesignator=H2 NewDesignator=IN1
Change Component Designator: OldDesignator=H3 NewDesignator=IN2
Change Component Designator: OldDesignator=L1 NewDesignator=L2
Change Component Designator: OldDesignator=L2 NewDesignator=L1
Change Component Designator: OldDesignator=Q1 NewDesignator=Q7
Change Component Designator: OldDesignator=Q2 NewDesignator=Q1
Change Component Designator: OldDesignator=Q3 NewDesignator=Q2
Change Component Designator: OldDesignator=Q4 NewDesignator=Q3
Change Component Designator: OldDesignator=Q5 NewDesignator=Q4
Change Component Designator: OldDesignator=Q6 NewDesignator=Q5
Change Component Designator: OldDesignator=Q7 NewDesignator=Q6
Change Component Designator: OldDesignator=R1 NewDesignator=R49
Change Component Designator: OldDesignator=R2 NewDesignator=R45
Change Component Designator: OldDesignator=R3 NewDesignator=R12
Change Component Designator: OldDesignator=R4 NewDesignator=R48
Change Component Designator: OldDesignator=R5 NewDesignator=R1
Change Component Designator: OldDesignator=R6 NewDesignator=R44
Change Component Designator: OldDesignator=R7 NewDesignator=R28
Change Component Designator: OldDesignator=R8 NewDesignator=R37
Change Component Designator: OldDesignator=R9 NewDesignator=R26
Change Component Designator: OldDesignator=R10 NewDesignator=R39
Change Component Designator: OldDesignator=R11 NewDesignator=R27
Change Component Designator: OldDesignator=R12 NewDesignator=R38
Change Component Designator: OldDesignator=R13 NewDesignator=R21
Change Component Designator: OldDesignator=R14 NewDesignator=R18
Change Component Designator: OldDesignator=R15 NewDesignator=R46
Change Component Designator: OldDesignator=R16 NewDesignator=R42
Change Component Designator: OldDesignator=R17 NewDesignator=R5
Change Component Designator: OldDesignator=R18 NewDesignator=R47
Change Component Designator: OldDesignator=R19 NewDesignator=R34
Change Component Designator: OldDesignator=R20 NewDesignator=R24
Change Component Designator: OldDesignator=R21 NewDesignator=R19
Change Component Designator: OldDesignator=R22 NewDesignator=R20
Change Component Designator: OldDesignator=R23 NewDesignator=R6
Change Component Designator: OldDesignator=R24 NewDesignator=R23
Change Component Designator: OldDesignator=R25 NewDesignator=R3
Change Component Designator: OldDesignator=R26 NewDesignator=R15
Change Component Designator: OldDesignator=R27 NewDesignator=R14
Change Component Designator: OldDesignator=R28 NewDesignator=R7
Change Component Designator: OldDesignator=R29 NewDesignator=R22
Change Component Designator: OldDesignator=R30 NewDesignator=R43
Change Component Designator: OldDesignator=R31 NewDesignator=R8
Change Component Designator: OldDesignator=R32 NewDesignator=R30
Change Component Designator: OldDesignator=R33 NewDesignator=R36
Change Component Designator: OldDesignator=R34 NewDesignator=R9
Change Component Designator: OldDesignator=R35 NewDesignator=R16
Change Component Designator: OldDesignator=R36 NewDesignator=R4
Change Component Designator: OldDesignator=R37 NewDesignator=R10
Change Component Designator: OldDesignator=R38 NewDesignator=R32
Change Component Designator: OldDesignator=R39 NewDesignator=R11
Change Component Designator: OldDesignator=R40 NewDesignator=R33
Change Component Designator: OldDesignator=R41 NewDesignator=R25
Change Component Designator: OldDesignator=R42 NewDesignator=R41
Change Component Designator: OldDesignator=R43 NewDesignator=R31
Change Component Designator: OldDesignator=R44 NewDesignator=R13
Change Component Designator: OldDesignator=R45 NewDesignator=R40
Change Component Designator: OldDesignator=R46 NewDesignator=R17
Change Component Designator: OldDesignator=R47 NewDesignator=R29
Change Component Designator: OldDesignator=R48 NewDesignator=R2
Change Component Designator: OldDesignator=R50 NewDesignator=R35
Change Component Designator: OldDesignator=SWD1 NewDesignator=SWD2
Change Component Designator: OldDesignator=SWD2 NewDesignator=SWD1
Change Component Designator: OldDesignator=TS2 NewDesignator=FAN
Change Component Designator: OldDesignator=U1 NewDesignator=U5
Change Component Designator: OldDesignator=U3 NewDesignator=U9
Change Component Designator: OldDesignator=U4 NewDesignator=U11
Change Component Designator: OldDesignator=U5 NewDesignator=U12
Change Component Designator: OldDesignator=U6 NewDesignator=U2
Change Component Designator: OldDesignator=U8 NewDesignator=U6
Change Component Designator: OldDesignator=U9 NewDesignator=U3
Change Component Designator: OldDesignator=U10 NewDesignator=U4
Change Component Designator: OldDesignator=U11 NewDesignator=U8
Change Component Designator: OldDesignator=U12 NewDesignator=U10
Change Component Designator: OldDesignator=U13 NewDesignator=U1
Change Pin Package Length: Pin=L2-1 Old Length=10mm New Length=0mm
Change Pin Package Length: Pin=L2-2 Old Length=10mm New Length=0mm
Change Pin Package Length: Pin=L1-1 Old Length=0mm New Length=10mm
Change Pin Package Length: Pin=L1-2 Old Length=0mm New Length=10mm
